<?xml version="1.0" encoding="UTF-8"?>
<!-- Generated by org.testng.reporters.JUnitXMLReporter -->
<testsuite hostname="ROWLSIT063WZMV1" ignored="0" name="ChromeTest2" tests="2" failures="2" timestamp="2022-06-19T10:19:23 GST" time="347.956" errors="0">
  <testcase name="ApplyVisa_Sponsored" time="138.422" classname="com.evisa.qa.testcases.ApplyVisaTest">
    <failure type="java.lang.AssertionError" message="The following asserts failed:
	expected [true] but found [false]">
      <![CDATA[java.lang.AssertionError: The following asserts failed:
expected [true] but found [false]
at com.evisa.qa.testcases.ApplyVisaTest.ApplyVisa_Sponsored(ApplyVisaTest.java:196)
at java.util.ArrayList.forEach(ArrayList.java:1259)
... Removed 33 stack frames]]>
    </failure>
  </testcase> <!-- ApplyVisa_Sponsored -->
  <testcase name="ApplyVisa_Sponsored" time="131.671" classname="com.evisa.qa.testcases.ApplyVisaTest">
    <failure type="java.lang.AssertionError" message="The following asserts failed:
	expected [true] but found [false],
	expected [true] but found [false]">
      <![CDATA[java.lang.AssertionError: The following asserts failed:
expected [true] but found [false],
expected [true] but found [false]
at com.evisa.qa.testcases.ApplyVisaTest.ApplyVisa_Sponsored(ApplyVisaTest.java:196)
at java.util.ArrayList.forEach(ArrayList.java:1259)
... Removed 33 stack frames]]>
    </failure>
  </testcase> <!-- ApplyVisa_Sponsored -->
</testsuite> <!-- ChromeTest2 -->
