<!DOCTYPE html PUBLIC "-//W3C//DTD XHTML 1.1//EN" "https://www.w3.org/TR/xhtml11/DTD/xhtml11.dtd">
<html xmlns="https://www.w3.org/1999/xhtml">
<head>
<meta http-equiv="content-type" content="text/html; charset=UTF-8"/>
<title>TestNG Report</title>
<style type="text/css">table {margin-bottom:10px;border-collapse:collapse;empty-cells:show}th,td {border:1px solid #009;padding:.25em .5em}th {vertical-align:bottom}td {vertical-align:top}table a {font-weight:bold}.stripe td {background-color: #E6EBF9}.num {text-align:right}.passedodd td {background-color: #3F3}.passedeven td {background-color: #0A0}.skippedodd td {background-color: #DDD}.skippedeven td {background-color: #CCC}.failedodd td,.attn {background-color: #F33}.failedeven td,.stripe .attn {background-color: #D00}.stacktrace {white-space:pre;font-family:monospace}.totop {font-size:85%;text-align:center;border-bottom:2px solid #000}.invisible {display:none}</style>
</head>
<body>
<table>
<tr><th>Test</th><th># Passed</th><th># Skipped</th><th># Retried</th><th># Failed</th><th>Time (ms)</th><th>Included Groups</th><th>Excluded Groups</th></tr>
<tr><th colspan="8">Suite</th></tr>
<tr><td><a href="#t0">ChromeTest</a></td><td class="num">0</td><td class="num">0</td><td class="num">0</td><td class="num">0</td><td class="num">32</td><td>Regression, Smoke</td><td></td></tr>
<tr class="stripe"><td><a href="#t1">ChromeTest2</a></td><td class="num">0</td><td class="num">0</td><td class="num">0</td><td class="num attn">2</td><td class="num">347,956</td><td>Regression, Smoke</td><td></td></tr>
<tr><th>Total</th><th class="num">0</th><th class="num">0</th><th class="num">0</th><th class="num attn">2</th><th class="num">347,988</th><th colspan="2"></th></tr>
</table>
<table id='summary'><thead><tr><th>Class</th><th>Method</th><th>Start</th><th>Time (ms)</th></tr></thead><tbody><tr><th colspan="4">Suite</th></tr></tbody><tbody id="t0"><tr><th colspan="4" class="invisible"/></tr></tbody>
<tbody id="t1"><tr><th colspan="4">ChromeTest2 &#8212; failed</th></tr><tr class="failedeven"><td rowspan="2">com.evisa.qa.testcases.ApplyVisaTest</td><td><a href="#m0">ApplyVisa_Sponsored</a></td><td rowspan="2">1655619431017</td><td rowspan="2">131671</td></tr><tr class="failedeven"><td><a href="#m1">ApplyVisa_Sponsored</a></td></tr></tbody>
</table>
<h2>ChromeTest</h2><h2>ChromeTest2</h2><h3 id="m0">com.evisa.qa.testcases.ApplyVisaTest#ApplyVisa_Sponsored</h3><table class="result"><tr class="param"><th>Parameter #1</th><th>Parameter #2</th><th>Parameter #3</th><th>Parameter #4</th><th>Parameter #5</th><th>Parameter #6</th><th>Parameter #7</th><th>Parameter #8</th><th>Parameter #9</th><th>Parameter #10</th><th>Parameter #11</th><th>Parameter #12</th><th>Parameter #13</th><th>Parameter #14</th><th>Parameter #15</th><th>Parameter #16</th><th>Parameter #17</th><th>Parameter #18</th><th>Parameter #19</th><th>Parameter #20</th><th>Parameter #21</th><th>Parameter #22</th><th>Parameter #23</th><th>Parameter #24</th><th>Parameter #25</th><th>Parameter #26</th><th>Parameter #27</th><th>Parameter #28</th></tr><tr class="param stripe"><td>1066017</td><td>Employment Visa - 1</td><td>Employment Visa - 1</td><td>POLAND</td><td>POLAND</td><td>AAJ104</td><td>Passport</td><td>01-03-2022</td><td>01-01-2029</td><td>AUSTRIA</td><td></td><td>JATAR</td><td>SINGH</td><td>Male</td><td>01-01-1989</td><td>INDIA</td><td>ABHI</td><td>AIRLINE PILOT</td><td>5132045</td><td>18/36070</td><td>USHA</td><td>Single</td><td></td><td>AUSTRALIA</td><td>ABHISHEK</td><td>Father (includes step-father)</td><td>123</td><td></td></tr><tr><th colspan="28">Exception</th></tr><tr><td colspan="28"><div class="stacktrace">java.lang.AssertionError: The following asserts failed:
	expected [true] but found [false],
	expected [true] but found [false]
	at com.evisa.qa.testcases.ApplyVisaTest.ApplyVisa_Sponsored(ApplyVisaTest.java:196)
	at java.util.ArrayList.forEach(ArrayList.java:1259)
... Removed 33 stack frames</div></td></tr></table><p class="totop"><a href="#summary">back to summary</a></p>
<h3 id="m1">com.evisa.qa.testcases.ApplyVisaTest#ApplyVisa_Sponsored</h3><table class="result"><tr class="param"><th>Parameter #1</th><th>Parameter #2</th><th>Parameter #3</th><th>Parameter #4</th><th>Parameter #5</th><th>Parameter #6</th><th>Parameter #7</th><th>Parameter #8</th><th>Parameter #9</th><th>Parameter #10</th><th>Parameter #11</th><th>Parameter #12</th><th>Parameter #13</th><th>Parameter #14</th><th>Parameter #15</th><th>Parameter #16</th><th>Parameter #17</th><th>Parameter #18</th><th>Parameter #19</th><th>Parameter #20</th><th>Parameter #21</th><th>Parameter #22</th><th>Parameter #23</th><th>Parameter #24</th><th>Parameter #25</th><th>Parameter #26</th><th>Parameter #27</th><th>Parameter #28</th></tr><tr class="param stripe"><td>24080011</td><td>Investor Visa - 15</td><td>Investor Visa 5 Year - 15E</td><td>AUSTRIA</td><td>AUSTRIA</td><td>AAJ103</td><td>Passport</td><td>01-03-2022</td><td>01-01-2029</td><td>AUSTRIA</td><td></td><td>SHAMIN</td><td>ALI</td><td>Male</td><td>01-01-1989</td><td>INDIA</td><td>ABHI</td><td>AIRLINE PILOT</td><td>0213191</td><td>18/36070</td><td>USHA</td><td>Single</td><td></td><td>AUSTRALIA</td><td>ABHISHEK</td><td>Father (includes step-father)</td><td>123</td><td></td></tr><tr><th colspan="28">Exception</th></tr><tr><td colspan="28"><div class="stacktrace">java.lang.AssertionError: The following asserts failed:
	expected [true] but found [false]
	at com.evisa.qa.testcases.ApplyVisaTest.ApplyVisa_Sponsored(ApplyVisaTest.java:196)
	at java.util.ArrayList.forEach(ArrayList.java:1259)
... Removed 33 stack frames</div></td></tr></table><p class="totop"><a href="#summary">back to summary</a></p>
</body>
</html>
