<?xml version="1.0" encoding="UTF-8"?>
<!-- Generated by org.testng.reporters.JUnitReportReporter -->
<testsuite hostname="ABHISHEK-SHARMA3" failures="0" tests="3" name="com.evisa.qa.testcases.AdditionalPageTest" time="14.931" errors="1" timestamp="2021-02-10T10:52:45 GST" skipped="2">
  <testcase classname="com.evisa.qa.testcases.AdditionalPageTest" name="SetUp" time="14.931">
    <error message="session not created
from chrome not reachable
  (Session info: chrome=88.0.4324.150)
Build info: version: &#039;3.141.59&#039;, revision: &#039;e82be7d358&#039;, time: &#039;2018-11-14T08:17:03&#039;
System info: host: &#039;ABHISHEK-SHARMA&#039;, ip: &#039;10.38.90.21&#039;, os.name: &#039;Windows 10&#039;, os.arch: &#039;amd64&#039;, os.version: &#039;10.0&#039;, java.version: &#039;15.0.2&#039;
Driver info: driver.version: ChromeDriver
remote stacktrace: Backtrace:
	Ordinal0 [0x00BBC0C3+3326147]
	Ordinal0 [0x00AA0851+2164817]
	Ordinal0 [0x00927140+618816]
	Ordinal0 [0x0091D404+578564]
	Ordinal0 [0x0091DACB+580299]
	Ordinal0 [0x0091ED35+585013]
	Ordinal0 [0x00919D61+564577]
	Ordinal0 [0x009282C0+623296]
	Ordinal0 [0x008C6BDD+224221]
	Ordinal0 [0x008C5CAC+220332]
	Ordinal0 [0x008C189B+202907]
	Ordinal0 [0x008A3DF4+81396]
	Ordinal0 [0x008A4DEE+85486]
	Ordinal0 [0x008A4D79+85369]
	Ordinal0 [0x00AB85DC+2262492]
	GetHandleVerifier [0x00D42874+1487204]
	GetHandleVerifier [0x00D423CD+1486013]
	GetHandleVerifier [0x00D4A368+1518680]
	GetHandleVerifier [0x00D42F4E+1488958]
	Ordinal0 [0x00AAED0D+2223373]
	Ordinal0 [0x00ABA12B+2269483]
	Ordinal0 [0x00ABA26F+2269807]
	Ordinal0 [0x00ACECB8+2354360]
	BaseThreadInitThunk [0x7727FA29+25]
	RtlGetAppContainerNamedObjectPath [0x778275F4+228]
	RtlGetAppContainerNamedObjectPath [0x778275C4+180]
" type="org.openqa.selenium.SessionNotCreatedException">
      <![CDATA[org.openqa.selenium.SessionNotCreatedException: session not created
from chrome not reachable
  (Session info: chrome=88.0.4324.150)
Build info: version: '3.141.59', revision: 'e82be7d358', time: '2018-11-14T08:17:03'
System info: host: 'ABHISHEK-SHARMA', ip: '10.38.90.21', os.name: 'Windows 10', os.arch: 'amd64', os.version: '10.0', java.version: '15.0.2'
Driver info: driver.version: ChromeDriver
remote stacktrace: Backtrace:
Ordinal0 [0x00BBC0C3+3326147]
Ordinal0 [0x00AA0851+2164817]
Ordinal0 [0x00927140+618816]
Ordinal0 [0x0091D404+578564]
Ordinal0 [0x0091DACB+580299]
Ordinal0 [0x0091ED35+585013]
Ordinal0 [0x00919D61+564577]
Ordinal0 [0x009282C0+623296]
Ordinal0 [0x008C6BDD+224221]
Ordinal0 [0x008C5CAC+220332]
Ordinal0 [0x008C189B+202907]
Ordinal0 [0x008A3DF4+81396]
Ordinal0 [0x008A4DEE+85486]
Ordinal0 [0x008A4D79+85369]
Ordinal0 [0x00AB85DC+2262492]
GetHandleVerifier [0x00D42874+1487204]
GetHandleVerifier [0x00D423CD+1486013]
GetHandleVerifier [0x00D4A368+1518680]
GetHandleVerifier [0x00D42F4E+1488958]
Ordinal0 [0x00AAED0D+2223373]
Ordinal0 [0x00ABA12B+2269483]
Ordinal0 [0x00ABA26F+2269807]
Ordinal0 [0x00ACECB8+2354360]
BaseThreadInitThunk [0x7727FA29+25]
RtlGetAppContainerNamedObjectPath [0x778275F4+228]
RtlGetAppContainerNamedObjectPath [0x778275C4+180]

at java.base/jdk.internal.reflect.NativeConstructorAccessorImpl.newInstance0(Native Method)
at java.base/jdk.internal.reflect.NativeConstructorAccessorImpl.newInstance(NativeConstructorAccessorImpl.java:64)
at java.base/jdk.internal.reflect.DelegatingConstructorAccessorImpl.newInstance(DelegatingConstructorAccessorImpl.java:45)
at java.base/java.lang.reflect.Constructor.newInstanceWithCaller(Constructor.java:500)
at java.base/java.lang.reflect.Constructor.newInstance(Constructor.java:481)
at org.openqa.selenium.remote.W3CHandshakeResponse.lambda$errorHandler$0(W3CHandshakeResponse.java:62)
at org.openqa.selenium.remote.HandshakeResponse.lambda$getResponseFunction$0(HandshakeResponse.java:30)
at org.openqa.selenium.remote.ProtocolHandshake.lambda$createSession$0(ProtocolHandshake.java:126)
at java.base/java.util.stream.ReferencePipeline$3$1.accept(ReferencePipeline.java:195)
at java.base/java.util.Spliterators$ArraySpliterator.tryAdvance(Spliterators.java:958)
at java.base/java.util.stream.ReferencePipeline.forEachWithCancel(ReferencePipeline.java:127)
at java.base/java.util.stream.AbstractPipeline.copyIntoWithCancel(AbstractPipeline.java:502)
at java.base/java.util.stream.AbstractPipeline.copyInto(AbstractPipeline.java:488)
at java.base/java.util.stream.AbstractPipeline.wrapAndCopyInto(AbstractPipeline.java:474)
at java.base/java.util.stream.FindOps$FindOp.evaluateSequential(FindOps.java:150)
at java.base/java.util.stream.AbstractPipeline.evaluate(AbstractPipeline.java:234)
at java.base/java.util.stream.ReferencePipeline.findFirst(ReferencePipeline.java:543)
at org.openqa.selenium.remote.ProtocolHandshake.createSession(ProtocolHandshake.java:128)
at org.openqa.selenium.remote.ProtocolHandshake.createSession(ProtocolHandshake.java:74)
at org.openqa.selenium.remote.HttpCommandExecutor.execute(HttpCommandExecutor.java:136)
at org.openqa.selenium.remote.service.DriverCommandExecutor.execute(DriverCommandExecutor.java:83)
at org.openqa.selenium.remote.RemoteWebDriver.execute(RemoteWebDriver.java:552)
at org.openqa.selenium.remote.RemoteWebDriver.startSession(RemoteWebDriver.java:213)
at org.openqa.selenium.remote.RemoteWebDriver.<init>(RemoteWebDriver.java:131)
at org.openqa.selenium.chrome.ChromeDriver.<init>(ChromeDriver.java:181)
at org.openqa.selenium.chrome.ChromeDriver.<init>(ChromeDriver.java:168)
at org.openqa.selenium.chrome.ChromeDriver.<init>(ChromeDriver.java:123)
at com.evisa.qa.base.EvisaBase.initialization(EvisaBase.java:45)
at com.evisa.qa.testcases.AdditionalPageTest.SetUp(AdditionalPageTest.java:36)
at java.base/jdk.internal.reflect.NativeMethodAccessorImpl.invoke0(Native Method)
at java.base/jdk.internal.reflect.NativeMethodAccessorImpl.invoke(NativeMethodAccessorImpl.java:64)
at java.base/jdk.internal.reflect.DelegatingMethodAccessorImpl.invoke(DelegatingMethodAccessorImpl.java:43)
at java.base/java.lang.reflect.Method.invoke(Method.java:564)
at org.testng.internal.MethodInvocationHelper.invokeMethod(MethodInvocationHelper.java:132)
at org.testng.internal.MethodInvocationHelper.invokeMethodConsideringTimeout(MethodInvocationHelper.java:61)
at org.testng.internal.ConfigInvoker.invokeConfigurationMethod(ConfigInvoker.java:366)
at org.testng.internal.ConfigInvoker.invokeConfigurations(ConfigInvoker.java:320)
at org.testng.internal.TestInvoker.runConfigMethods(TestInvoker.java:701)
at org.testng.internal.TestInvoker.invokeMethod(TestInvoker.java:527)
at org.testng.internal.TestInvoker.invokeTestMethod(TestInvoker.java:174)
at org.testng.internal.MethodRunner.runInSequence(MethodRunner.java:46)
at org.testng.internal.TestInvoker$MethodInvocationAgent.invoke(TestInvoker.java:822)
at org.testng.internal.TestInvoker.invokeTestMethods(TestInvoker.java:147)
at org.testng.internal.TestMethodWorker.invokeTestMethods(TestMethodWorker.java:146)
at org.testng.internal.TestMethodWorker.run(TestMethodWorker.java:128)
at java.base/java.util.ArrayList.forEach(ArrayList.java:1511)
at org.testng.TestRunner.privateRun(TestRunner.java:764)
at org.testng.TestRunner.run(TestRunner.java:585)
at org.testng.SuiteRunner.runTest(SuiteRunner.java:384)
at org.testng.SuiteRunner.runSequentially(SuiteRunner.java:378)
at org.testng.SuiteRunner.privateRun(SuiteRunner.java:337)
at org.testng.SuiteRunner.run(SuiteRunner.java:286)
at org.testng.SuiteRunnerWorker.runSuite(SuiteRunnerWorker.java:53)
at org.testng.SuiteRunnerWorker.run(SuiteRunnerWorker.java:96)
at org.testng.TestNG.runSuitesSequentially(TestNG.java:1218)
at org.testng.TestNG.runSuitesLocally(TestNG.java:1140)
at org.testng.TestNG.runSuites(TestNG.java:1069)
at org.testng.TestNG.run(TestNG.java:1037)
at org.testng.remote.AbstractRemoteTestNG.run(AbstractRemoteTestNG.java:115)
at org.testng.remote.RemoteTestNG.initAndRun(RemoteTestNG.java:251)
at org.testng.remote.RemoteTestNG.main(RemoteTestNG.java:77)
]]>
    </error>
  </testcase> <!-- SetUp -->
  <system-out/>
  <testcase classname="com.evisa.qa.testcases.AdditionalPageTest" name="SelectNationalityTest" time="0.000">
    <skipped/>
  </testcase> <!-- SelectNationalityTest -->
  <system-out/>
  <testcase classname="com.evisa.qa.testcases.AdditionalPageTest" name="SelectNationalityTest" time="0.000">
    <skipped/>
  </testcase> <!-- SelectNationalityTest -->
  <system-out/>
</testsuite> <!-- com.evisa.qa.testcases.AdditionalPageTest -->
